<?xml version="1.0" encoding="UTF-8"?>
<!-- Generated by org.testng.reporters.JUnitXMLReporter -->
<testsuite ignored="0" hostname="Tien-PC" failures="1" tests="1" name="Metric Unit Test on Firefox" time="12.156" errors="0" timestamp="2020-08-15T11:29:56 ICT">
  <testcase classname="testcases.BodyMassIndexTest" name="metricUnit" time="2.709">
    <failure type="java.lang.AssertionError" message="expected [BMI = 20.1 kg/m2   (Normal)] but found [BMI = 25.9 kg/m2   (Overweight)]">
      <![CDATA[java.lang.AssertionError: expected [BMI = 20.1 kg/m2   (Normal)] but found [BMI = 25.9 kg/m2   (Overweight)]
at testcases.BodyMassIndexTest.metricUnit(BodyMassIndexTest.java:26)
at java.base/java.util.ArrayList.forEach(ArrayList.java:1507)
... Removed 37 stack frames]]>
    </failure>
  </testcase> <!-- metricUnit -->
</testsuite> <!-- Metric Unit Test on Firefox -->
