<?xml version="1.0" encoding="UTF-8"?>
<testsuite xmlns:xsi="http://www.w3.org/2001/XMLSchema-instance" xsi:noNamespaceSchemaLocation="https://maven.apache.org/surefire/maven-surefire-plugin/xsd/surefire-test-report-3.0.xsd" version="3.0" name="TestSuite" time="38.434" tests="3" errors="0" skipped="0" failures="3">
  <properties>
[...]
</properties>
  <testcase name="metricUnit" classname="testcases.BodyMassIndexTest" time="3.953">
    <failure message="expected [BMI = 20.1 kg/m2   (Normal)] but found [BMI = 25.9 kg/m2   (Overweight)]" type="java.lang.AssertionError"><![CDATA[java.lang.AssertionError: expected [BMI = 20.1 kg/m2   (Normal)] but found [BMI = 25.9 kg/m2   (Overweight)]
	at testcases.BodyMassIndexTest.metricUnit(BodyMassIndexTest.java:26)
]]></failure>
    <system-out><![CDATA[[TestNGContentHandler] [WARN] It is strongly recommended to add "<!DOCTYPE suite SYSTEM "https://testng.org/testng-1.0.dtd" >" at the top of your file, otherwise TestNG may fail or not work as expected.
]]></system-out>
    <system-err><![CDATA[Starting ChromeDriver 83.0.4103.39 (ccbf011cb2d2b19b506d844400483861342c20cd-refs/branch-heads/4103@{#416}) on port 25221
Only local connections are allowed.
Please see https://chromedriver.chromium.org/security-considerations for suggestions on keeping ChromeDriver safe.
ChromeDriver was started successfully.
[1597465776.548][WARNING]: This version of ChromeDriver has not been tested with Chrome version 84.
Aug 15, 2020 11:29:37 AM org.openqa.selenium.remote.ProtocolHandshake createSession
INFO: Detected dialect: W3C
]]></system-err>
  </testcase>
  <testcase name="metricUnit" classname="testcases.BodyMassIndexTest" time="2.783">
    <failure message="expected [BMI = 20.1 kg/m2   (Normal)] but found [BMI = 25.9 kg/m2   (Overweight)]" type="java.lang.AssertionError"><![CDATA[java.lang.AssertionError: expected [BMI = 20.1 kg/m2   (Normal)] but found [BMI = 25.9 kg/m2   (Overweight)]
	at testcases.BodyMassIndexTest.metricUnit(BodyMassIndexTest.java:26)
]]></failure>
    <system-err><![CDATA[1597465784902	mozrunner::runner	INFO	Running command: "C:\\Program Files\\Mozilla Firefox\\firefox.exe" "-marionette" "-foreground" "-no-remote" "-profile" "C:\\Users\\Tien\\AppData\\Local\\Temp\\rust_mozprofileUXp5Rk"
JavaScript error: resource://gre/modules/XULStore.jsm, line 66: Error: Can't find profile directory.
1597465790865	Marionette	INFO	Listening on port 60570
1597465791164	Marionette	WARN	TLS certificate errors will be ignored for this session
Aug 15, 2020 11:29:51 AM org.openqa.selenium.remote.ProtocolHandshake createSession
INFO: Detected dialect: W3C
JavaScript error: https://www.gstatic.com/mysidia/3b6c08da7220e9dae3c5eb54c7649dd4.js?tag=video_mra/web_fig_och, line 179: SecurityError: The operation is insecure.
]]></system-err>
  </testcase>
  <testcase name="metricUnit" classname="testcases.BodyMassIndexTest" time="8.459">
    <failure message="Unable to get element text&#10;Build info: version: &apos;3.141.59&apos;, revision: &apos;e82be7d358&apos;, time: &apos;2018-11-14T08:17:03&apos;&#10;System info: host: &apos;TIEN-PC&apos;, ip: &apos;192.168.1.125&apos;, os.name: &apos;Windows 7&apos;, os.arch: &apos;amd64&apos;, os.version: &apos;6.1&apos;, java.version: &apos;13.0.2&apos;&#10;Driver info: org.openqa.selenium.ie.InternetExplorerDriver&#10;Capabilities {acceptInsecureCerts: false, browserName: internet explorer, browserVersion: 11, javascriptEnabled: true, pageLoadStrategy: normal, platform: WINDOWS, platformName: WINDOWS, proxy: Proxy(), se:ieOptions: {browserAttachTimeout: 0, elementScrollBehavior: 0, enablePersistentHover: true, ie.browserCommandLineSwitches: , ie.ensureCleanSession: false, ie.fileUploadDialogTimeout: 3000, ie.forceCreateProcessApi: false, ignoreProtectedModeSettings: false, ignoreZoomSetting: false, initialBrowserUrl: http://localhost:2873/, nativeEvents: true, requireWindowFocus: false}, setWindowRect: true, timeouts: {implicit: 0, pageLoad: 300000, script: 30000}}&#10;Session ID: 23a70e6d-8819-45cb-adfc-ba504bbea2cc" type="org.openqa.selenium.JavascriptException"><![CDATA[org.openqa.selenium.JavascriptException: 
Unable to get element text
Build info: version: '3.141.59', revision: 'e82be7d358', time: '2018-11-14T08:17:03'
System info: host: 'TIEN-PC', ip: '192.168.1.125', os.name: 'Windows 7', os.arch: 'amd64', os.version: '6.1', java.version: '13.0.2'
Driver info: org.openqa.selenium.ie.InternetExplorerDriver
Capabilities {acceptInsecureCerts: false, browserName: internet explorer, browserVersion: 11, javascriptEnabled: true, pageLoadStrategy: normal, platform: WINDOWS, platformName: WINDOWS, proxy: Proxy(), se:ieOptions: {browserAttachTimeout: 0, elementScrollBehavior: 0, enablePersistentHover: true, ie.browserCommandLineSwitches: , ie.ensureCleanSession: false, ie.fileUploadDialogTimeout: 3000, ie.forceCreateProcessApi: false, ignoreProtectedModeSettings: false, ignoreZoomSetting: false, initialBrowserUrl: http://localhost:2873/, nativeEvents: true, requireWindowFocus: false}, setWindowRect: true, timeouts: {implicit: 0, pageLoad: 300000, script: 30000}}
Session ID: 23a70e6d-8819-45cb-adfc-ba504bbea2cc
	at testcases.BodyMassIndexTest.metricUnit(BodyMassIndexTest.java:26)
]]></failure>
    <system-err><![CDATA[Started InternetExplorerDriver server (32-bit)
3.9.0.0
Listening on port 2873
Only local connections are allowed
JavaScript error: https://www.gstatic.com/mysidia/3b6c08da7220e9dae3c5eb54c7649dd4.js?tag=video_mra/web_fig_och, line 179: SecurityError: The operation is insecure.
Aug 15, 2020 11:29:59 AM org.openqa.selenium.remote.ProtocolHandshake createSession
INFO: Detected dialect: W3C
]]></system-err>
  </testcase>
</testsuite>